<?xml version="1.0" encoding="UTF-8"?>
<!-- Generated by org.testng.reporters.JUnitReportReporter -->
<testsuite skipped="0" hostname="Bharats-MacBook-Pro.local" name="com.qa.testPages.homePageTest" tests="1" failures="0" timestamp="08 Apr 2019 08:02:53 GMT" time="60.247" errors="0">
  <testcase name="search_peroformed" time="60.247" classname="com.qa.testPages.homePageTest"/>
</testsuite> <!-- com.qa.testPages.homePageTest -->
